This file contains any messages produced by compilers while
running configure, to aid debugging if configure makes a mistake.

It was created by mos_release configure version-0.3, which was
generated by GNU Autoconf 2.69.  Invocation command line was

  $ ./configure --enable-dpdk

## --------- ##
## Platform. ##
## --------- ##

hostname = kiwi1
uname -m = x86_64
uname -r = 5.4.0-90-generic
uname -s = Linux
uname -v = #101~18.04.1-Ubuntu SMP Fri Oct 22 09:25:04 UTC 2021

/usr/bin/uname -p = unknown
/bin/uname -X     = unknown

/bin/arch              = unknown
/usr/bin/arch -k       = unknown
/usr/convex/getsysinfo = unknown
/usr/bin/hostinfo      = unknown
/bin/machine           = unknown
/usr/bin/oslevel       = unknown
/bin/universe          = unknown

PATH: /home/sgxbox/.local/bin
PATH: /usr/local/sbin
PATH: /usr/local/bin
PATH: /usr/sbin
PATH: /usr/bin
PATH: /sbin
PATH: /bin
PATH: /usr/games
PATH: /usr/local/games
PATH: /snap/bin


## ----------- ##
## Core tests. ##
## ----------- ##

configure:2260: checking for gcc
configure:2276: found /usr/bin/gcc
configure:2287: result: gcc
configure:2516: checking for C compiler version
configure:2525: gcc --version >&5
gcc (Ubuntu 7.5.0-3ubuntu1~18.04) 7.5.0
Copyright (C) 2017 Free Software Foundation, Inc.
This is free software; see the source for copying conditions.  There is NO
warranty; not even for MERCHANTABILITY or FITNESS FOR A PARTICULAR PURPOSE.

configure:2536: $? = 0
configure:2525: gcc -v >&5
Using built-in specs.
COLLECT_GCC=gcc
COLLECT_LTO_WRAPPER=/usr/lib/gcc/x86_64-linux-gnu/7/lto-wrapper
OFFLOAD_TARGET_NAMES=nvptx-none
OFFLOAD_TARGET_DEFAULT=1
Target: x86_64-linux-gnu
Configured with: ../src/configure -v --with-pkgversion='Ubuntu 7.5.0-3ubuntu1~18.04' --with-bugurl=file:///usr/share/doc/gcc-7/README.Bugs --enable-languages=c,ada,c++,go,brig,d,fortran,objc,obj-c++ --prefix=/usr --with-gcc-major-version-only --program-suffix=-7 --program-prefix=x86_64-linux-gnu- --enable-shared --enable-linker-build-id --libexecdir=/usr/lib --without-included-gettext --enable-threads=posix --libdir=/usr/lib --enable-nls --enable-bootstrap --enable-clocale=gnu --enable-libstdcxx-debug --enable-libstdcxx-time=yes --with-default-libstdcxx-abi=new --enable-gnu-unique-object --disable-vtable-verify --enable-libmpx --enable-plugin --enable-default-pie --with-system-zlib --with-target-system-zlib --enable-objc-gc=auto --enable-multiarch --disable-werror --with-arch-32=i686 --with-abi=m64 --with-multilib-list=m32,m64,mx32 --enable-multilib --with-tune=generic --enable-offload-targets=nvptx-none --without-cuda-driver --enable-checking=release --build=x86_64-linux-gnu --host=x86_64-linux-gnu --target=x86_64-linux-gnu
Thread model: posix
gcc version 7.5.0 (Ubuntu 7.5.0-3ubuntu1~18.04) 
configure:2536: $? = 0
configure:2525: gcc -V >&5
gcc: error: unrecognized command line option '-V'
gcc: fatal error: no input files
compilation terminated.
configure:2536: $? = 1
configure:2525: gcc -qversion >&5
gcc: error: unrecognized command line option '-qversion'; did you mean '--version'?
gcc: fatal error: no input files
compilation terminated.
configure:2536: $? = 1
configure:2556: checking whether the C compiler works
configure:2578: gcc    conftest.c  >&5
configure:2582: $? = 0
configure:2630: result: yes
configure:2633: checking for C compiler default output file name
configure:2635: result: a.out
configure:2641: checking for suffix of executables
configure:2648: gcc -o conftest    conftest.c  >&5
configure:2652: $? = 0
configure:2674: result: 
configure:2696: checking whether we are cross compiling
configure:2704: gcc -o conftest    conftest.c  >&5
configure:2708: $? = 0
configure:2715: ./conftest
configure:2719: $? = 0
configure:2734: result: no
configure:2739: checking for suffix of object files
configure:2761: gcc -c   conftest.c >&5
configure:2765: $? = 0
configure:2786: result: o
configure:2790: checking whether we are using the GNU C compiler
configure:2809: gcc -c   conftest.c >&5
configure:2809: $? = 0
configure:2818: result: yes
configure:2827: checking whether gcc accepts -g
configure:2847: gcc -c -g  conftest.c >&5
configure:2847: $? = 0
configure:2888: result: yes
configure:2905: checking for gcc option to accept ISO C89
configure:2968: gcc  -c -g -O2  conftest.c >&5
configure:2968: $? = 0
configure:2981: result: none needed
configure:3045: checking for ranlib
configure:3061: found /usr/bin/ranlib
configure:3072: result: ranlib
configure:3113: checking how to run the C preprocessor
configure:3144: gcc -E  conftest.c
configure:3144: $? = 0
configure:3158: gcc -E  conftest.c
conftest.c:9:10: fatal error: ac_nonexistent.h: No such file or directory
 #include <ac_nonexistent.h>
          ^~~~~~~~~~~~~~~~~~
compilation terminated.
configure:3158: $? = 1
configure: failed program was:
| /* confdefs.h */
| #define PACKAGE_NAME "mos_release"
| #define PACKAGE_TARNAME "mos_release"
| #define PACKAGE_VERSION "version-0.3"
| #define PACKAGE_STRING "mos_release version-0.3"
| #define PACKAGE_BUGREPORT "ajamshed@ndsl.kaist.edu"
| #define PACKAGE_URL ""
| /* end confdefs.h.  */
| #include <ac_nonexistent.h>
configure:3183: result: gcc -E
configure:3203: gcc -E  conftest.c
configure:3203: $? = 0
configure:3217: gcc -E  conftest.c
conftest.c:9:10: fatal error: ac_nonexistent.h: No such file or directory
 #include <ac_nonexistent.h>
          ^~~~~~~~~~~~~~~~~~
compilation terminated.
configure:3217: $? = 1
configure: failed program was:
| /* confdefs.h */
| #define PACKAGE_NAME "mos_release"
| #define PACKAGE_TARNAME "mos_release"
| #define PACKAGE_VERSION "version-0.3"
| #define PACKAGE_STRING "mos_release version-0.3"
| #define PACKAGE_BUGREPORT "ajamshed@ndsl.kaist.edu"
| #define PACKAGE_URL ""
| /* end confdefs.h.  */
| #include <ac_nonexistent.h>
configure:3246: checking for grep that handles long lines and -e
configure:3304: result: /bin/grep
configure:3309: checking for egrep
configure:3371: result: /bin/grep -E
configure:3376: checking for ANSI C header files
configure:3396: gcc -c -g -O2  conftest.c >&5
configure:3396: $? = 0
configure:3469: gcc -o conftest -g -O2   conftest.c  >&5
configure:3469: $? = 0
configure:3469: ./conftest
configure:3469: $? = 0
configure:3480: result: yes
configure:3493: checking for sys/types.h
configure:3493: gcc -c -g -O2  conftest.c >&5
configure:3493: $? = 0
configure:3493: result: yes
configure:3493: checking for sys/stat.h
configure:3493: gcc -c -g -O2  conftest.c >&5
configure:3493: $? = 0
configure:3493: result: yes
configure:3493: checking for stdlib.h
configure:3493: gcc -c -g -O2  conftest.c >&5
configure:3493: $? = 0
configure:3493: result: yes
configure:3493: checking for string.h
configure:3493: gcc -c -g -O2  conftest.c >&5
configure:3493: $? = 0
configure:3493: result: yes
configure:3493: checking for memory.h
configure:3493: gcc -c -g -O2  conftest.c >&5
configure:3493: $? = 0
configure:3493: result: yes
configure:3493: checking for strings.h
configure:3493: gcc -c -g -O2  conftest.c >&5
configure:3493: $? = 0
configure:3493: result: yes
configure:3493: checking for inttypes.h
configure:3493: gcc -c -g -O2  conftest.c >&5
configure:3493: $? = 0
configure:3493: result: yes
configure:3493: checking for stdint.h
configure:3493: gcc -c -g -O2  conftest.c >&5
configure:3493: $? = 0
configure:3493: result: yes
configure:3493: checking for unistd.h
configure:3493: gcc -c -g -O2  conftest.c >&5
configure:3493: $? = 0
configure:3493: result: yes
configure:3505: checking linux/sched.h usability
configure:3505: gcc -c -g -O2  conftest.c >&5
configure:3505: $? = 0
configure:3505: result: yes
configure:3505: checking linux/sched.h presence
configure:3505: gcc -E  conftest.c
configure:3505: $? = 0
configure:3505: result: yes
configure:3505: checking for linux/sched.h
configure:3505: result: yes
configure:3512: checking pthread.h usability
configure:3512: gcc -c -g -O2  conftest.c >&5
configure:3512: $? = 0
configure:3512: result: yes
configure:3512: checking pthread.h presence
configure:3512: gcc -E  conftest.c
configure:3512: $? = 0
configure:3512: result: yes
configure:3512: checking for pthread.h
configure:3512: result: yes
configure:3519: checking numa.h usability
configure:3519: gcc -c -g -O2  conftest.c >&5
configure:3519: $? = 0
configure:3519: result: yes
configure:3519: checking numa.h presence
configure:3519: gcc -E  conftest.c
configure:3519: $? = 0
configure:3519: result: yes
configure:3519: checking for numa.h
configure:3519: result: yes
configure:3528: checking fcntl.h usability
configure:3528: gcc -c -g -O2  conftest.c >&5
configure:3528: $? = 0
configure:3528: result: yes
configure:3528: checking fcntl.h presence
configure:3528: gcc -E  conftest.c
configure:3528: $? = 0
configure:3528: result: yes
configure:3528: checking for fcntl.h
configure:3528: result: yes
configure:3528: checking for inttypes.h
configure:3528: result: yes
configure:3528: checking limits.h usability
configure:3528: gcc -c -g -O2  conftest.c >&5
configure:3528: $? = 0
configure:3528: result: yes
configure:3528: checking limits.h presence
configure:3528: gcc -E  conftest.c
configure:3528: $? = 0
configure:3528: result: yes
configure:3528: checking for limits.h
configure:3528: result: yes
configure:3528: checking stddef.h usability
configure:3528: gcc -c -g -O2  conftest.c >&5
configure:3528: $? = 0
configure:3528: result: yes
configure:3528: checking stddef.h presence
configure:3528: gcc -E  conftest.c
configure:3528: $? = 0
configure:3528: result: yes
configure:3528: checking for stddef.h
configure:3528: result: yes
configure:3528: checking for stdlib.h
configure:3528: result: yes
configure:3528: checking for string.h
configure:3528: result: yes
configure:3528: checking for strings.h
configure:3528: result: yes
configure:3528: checking sys/param.h usability
configure:3528: gcc -c -g -O2  conftest.c >&5
configure:3528: $? = 0
configure:3528: result: yes
configure:3528: checking sys/param.h presence
configure:3528: gcc -E  conftest.c
configure:3528: $? = 0
configure:3528: result: yes
configure:3528: checking for sys/param.h
configure:3528: result: yes
configure:3528: checking sys/time.h usability
configure:3528: gcc -c -g -O2  conftest.c >&5
configure:3528: $? = 0
configure:3528: result: yes
configure:3528: checking sys/time.h presence
configure:3528: gcc -E  conftest.c
configure:3528: $? = 0
configure:3528: result: yes
configure:3528: checking for sys/time.h
configure:3528: result: yes
configure:3528: checking for unistd.h
configure:3528: result: yes
configure:3540: checking for inline
configure:3556: gcc -c -g -O2  conftest.c >&5
configure:3556: $? = 0
configure:3564: result: inline
configure:3582: checking for off_t
configure:3582: gcc -c -g -O2  conftest.c >&5
configure:3582: $? = 0
configure:3582: gcc -c -g -O2  conftest.c >&5
conftest.c: In function 'main':
conftest.c:65:20: error: expected expression before ')' token
 if (sizeof ((off_t)))
                    ^
configure:3582: $? = 1
configure: failed program was:
| /* confdefs.h */
| #define PACKAGE_NAME "mos_release"
| #define PACKAGE_TARNAME "mos_release"
| #define PACKAGE_VERSION "version-0.3"
| #define PACKAGE_STRING "mos_release version-0.3"
| #define PACKAGE_BUGREPORT "ajamshed@ndsl.kaist.edu"
| #define PACKAGE_URL ""
| #define STDC_HEADERS 1
| #define HAVE_SYS_TYPES_H 1
| #define HAVE_SYS_STAT_H 1
| #define HAVE_STDLIB_H 1
| #define HAVE_STRING_H 1
| #define HAVE_MEMORY_H 1
| #define HAVE_STRINGS_H 1
| #define HAVE_INTTYPES_H 1
| #define HAVE_STDINT_H 1
| #define HAVE_UNISTD_H 1
| #define HAVE_FCNTL_H 1
| #define HAVE_INTTYPES_H 1
| #define HAVE_LIMITS_H 1
| #define HAVE_STDDEF_H 1
| #define HAVE_STDLIB_H 1
| #define HAVE_STRING_H 1
| #define HAVE_STRINGS_H 1
| #define HAVE_SYS_PARAM_H 1
| #define HAVE_SYS_TIME_H 1
| #define HAVE_UNISTD_H 1
| /* end confdefs.h.  */
| #include <stdio.h>
| #ifdef HAVE_SYS_TYPES_H
| # include <sys/types.h>
| #endif
| #ifdef HAVE_SYS_STAT_H
| # include <sys/stat.h>
| #endif
| #ifdef STDC_HEADERS
| # include <stdlib.h>
| # include <stddef.h>
| #else
| # ifdef HAVE_STDLIB_H
| #  include <stdlib.h>
| # endif
| #endif
| #ifdef HAVE_STRING_H
| # if !defined STDC_HEADERS && defined HAVE_MEMORY_H
| #  include <memory.h>
| # endif
| # include <string.h>
| #endif
| #ifdef HAVE_STRINGS_H
| # include <strings.h>
| #endif
| #ifdef HAVE_INTTYPES_H
| # include <inttypes.h>
| #endif
| #ifdef HAVE_STDINT_H
| # include <stdint.h>
| #endif
| #ifdef HAVE_UNISTD_H
| # include <unistd.h>
| #endif
| int
| main ()
| {
| if (sizeof ((off_t)))
| 	    return 0;
|   ;
|   return 0;
| }
configure:3582: result: yes
configure:3593: checking for size_t
configure:3593: gcc -c -g -O2  conftest.c >&5
configure:3593: $? = 0
configure:3593: gcc -c -g -O2  conftest.c >&5
conftest.c: In function 'main':
conftest.c:65:21: error: expected expression before ')' token
 if (sizeof ((size_t)))
                     ^
configure:3593: $? = 1
configure: failed program was:
| /* confdefs.h */
| #define PACKAGE_NAME "mos_release"
| #define PACKAGE_TARNAME "mos_release"
| #define PACKAGE_VERSION "version-0.3"
| #define PACKAGE_STRING "mos_release version-0.3"
| #define PACKAGE_BUGREPORT "ajamshed@ndsl.kaist.edu"
| #define PACKAGE_URL ""
| #define STDC_HEADERS 1
| #define HAVE_SYS_TYPES_H 1
| #define HAVE_SYS_STAT_H 1
| #define HAVE_STDLIB_H 1
| #define HAVE_STRING_H 1
| #define HAVE_MEMORY_H 1
| #define HAVE_STRINGS_H 1
| #define HAVE_INTTYPES_H 1
| #define HAVE_STDINT_H 1
| #define HAVE_UNISTD_H 1
| #define HAVE_FCNTL_H 1
| #define HAVE_INTTYPES_H 1
| #define HAVE_LIMITS_H 1
| #define HAVE_STDDEF_H 1
| #define HAVE_STDLIB_H 1
| #define HAVE_STRING_H 1
| #define HAVE_STRINGS_H 1
| #define HAVE_SYS_PARAM_H 1
| #define HAVE_SYS_TIME_H 1
| #define HAVE_UNISTD_H 1
| /* end confdefs.h.  */
| #include <stdio.h>
| #ifdef HAVE_SYS_TYPES_H
| # include <sys/types.h>
| #endif
| #ifdef HAVE_SYS_STAT_H
| # include <sys/stat.h>
| #endif
| #ifdef STDC_HEADERS
| # include <stdlib.h>
| # include <stddef.h>
| #else
| # ifdef HAVE_STDLIB_H
| #  include <stdlib.h>
| # endif
| #endif
| #ifdef HAVE_STRING_H
| # if !defined STDC_HEADERS && defined HAVE_MEMORY_H
| #  include <memory.h>
| # endif
| # include <string.h>
| #endif
| #ifdef HAVE_STRINGS_H
| # include <strings.h>
| #endif
| #ifdef HAVE_INTTYPES_H
| # include <inttypes.h>
| #endif
| #ifdef HAVE_STDINT_H
| # include <stdint.h>
| #endif
| #ifdef HAVE_UNISTD_H
| # include <unistd.h>
| #endif
| int
| main ()
| {
| if (sizeof ((size_t)))
| 	    return 0;
|   ;
|   return 0;
| }
configure:3593: result: yes
configure:3604: checking for ssize_t
configure:3604: gcc -c -g -O2  conftest.c >&5
configure:3604: $? = 0
configure:3604: gcc -c -g -O2  conftest.c >&5
conftest.c: In function 'main':
conftest.c:65:22: error: expected expression before ')' token
 if (sizeof ((ssize_t)))
                      ^
configure:3604: $? = 1
configure: failed program was:
| /* confdefs.h */
| #define PACKAGE_NAME "mos_release"
| #define PACKAGE_TARNAME "mos_release"
| #define PACKAGE_VERSION "version-0.3"
| #define PACKAGE_STRING "mos_release version-0.3"
| #define PACKAGE_BUGREPORT "ajamshed@ndsl.kaist.edu"
| #define PACKAGE_URL ""
| #define STDC_HEADERS 1
| #define HAVE_SYS_TYPES_H 1
| #define HAVE_SYS_STAT_H 1
| #define HAVE_STDLIB_H 1
| #define HAVE_STRING_H 1
| #define HAVE_MEMORY_H 1
| #define HAVE_STRINGS_H 1
| #define HAVE_INTTYPES_H 1
| #define HAVE_STDINT_H 1
| #define HAVE_UNISTD_H 1
| #define HAVE_FCNTL_H 1
| #define HAVE_INTTYPES_H 1
| #define HAVE_LIMITS_H 1
| #define HAVE_STDDEF_H 1
| #define HAVE_STDLIB_H 1
| #define HAVE_STRING_H 1
| #define HAVE_STRINGS_H 1
| #define HAVE_SYS_PARAM_H 1
| #define HAVE_SYS_TIME_H 1
| #define HAVE_UNISTD_H 1
| /* end confdefs.h.  */
| #include <stdio.h>
| #ifdef HAVE_SYS_TYPES_H
| # include <sys/types.h>
| #endif
| #ifdef HAVE_SYS_STAT_H
| # include <sys/stat.h>
| #endif
| #ifdef STDC_HEADERS
| # include <stdlib.h>
| # include <stddef.h>
| #else
| # ifdef HAVE_STDLIB_H
| #  include <stdlib.h>
| # endif
| #endif
| #ifdef HAVE_STRING_H
| # if !defined STDC_HEADERS && defined HAVE_MEMORY_H
| #  include <memory.h>
| # endif
| # include <string.h>
| #endif
| #ifdef HAVE_STRINGS_H
| # include <strings.h>
| #endif
| #ifdef HAVE_INTTYPES_H
| # include <inttypes.h>
| #endif
| #ifdef HAVE_STDINT_H
| # include <stdint.h>
| #endif
| #ifdef HAVE_UNISTD_H
| # include <unistd.h>
| #endif
| int
| main ()
| {
| if (sizeof ((ssize_t)))
| 	    return 0;
|   ;
|   return 0;
| }
configure:3604: result: yes
configure:3615: checking for uint16_t
configure:3615: gcc -c -g -O2  conftest.c >&5
configure:3615: $? = 0
configure:3615: result: yes
configure:3627: checking for uint32_t
configure:3627: gcc -c -g -O2  conftest.c >&5
configure:3627: $? = 0
configure:3627: result: yes
configure:3641: checking for uint8_t
configure:3641: gcc -c -g -O2  conftest.c >&5
configure:3641: $? = 0
configure:3641: result: yes
configure:3657: checking whether lstat correctly handles trailing slash
configure:3683: gcc -o conftest -g -O2   conftest.c  >&5
configure:3683: $? = 0
configure:3683: ./conftest
configure:3683: $? = 0
configure:3700: result: yes
configure:3721: checking for stdlib.h
configure:3721: result: yes
configure:3731: checking for GNU libc compatible malloc
configure:3755: gcc -o conftest -g -O2   conftest.c  >&5
configure:3755: $? = 0
configure:3755: ./conftest
configure:3755: $? = 0
configure:3765: result: yes
configure:3789: checking for ftruncate
configure:3789: gcc -o conftest -g -O2   conftest.c  >&5
configure:3789: $? = 0
configure:3789: result: yes
configure:3789: checking for gettimeofday
configure:3789: gcc -o conftest -g -O2   conftest.c  >&5
configure:3789: $? = 0
configure:3789: result: yes
configure:3789: checking for memset
configure:3789: gcc -o conftest -g -O2   conftest.c  >&5
conftest.c:57:6: warning: conflicting types for built-in function 'memset' [-Wbuiltin-declaration-mismatch]
 char memset ();
      ^~~~~~
configure:3789: $? = 0
configure:3789: result: yes
configure:3789: checking for strcasecmp
configure:3789: gcc -o conftest -g -O2   conftest.c  >&5
conftest.c:58:6: warning: conflicting types for built-in function 'strcasecmp' [-Wbuiltin-declaration-mismatch]
 char strcasecmp ();
      ^~~~~~~~~~
configure:3789: $? = 0
configure:3789: result: yes
configure:3789: checking for strchr
configure:3789: gcc -o conftest -g -O2   conftest.c  >&5
conftest.c:59:6: warning: conflicting types for built-in function 'strchr' [-Wbuiltin-declaration-mismatch]
 char strchr ();
      ^~~~~~
configure:3789: $? = 0
configure:3789: result: yes
configure:3789: checking for strpbrk
configure:3789: gcc -o conftest -g -O2   conftest.c  >&5
conftest.c:60:6: warning: conflicting types for built-in function 'strpbrk' [-Wbuiltin-declaration-mismatch]
 char strpbrk ();
      ^~~~~~~
configure:3789: $? = 0
configure:3789: result: yes
configure:3789: checking for strrchr
configure:3789: gcc -o conftest -g -O2   conftest.c  >&5
conftest.c:61:6: warning: conflicting types for built-in function 'strrchr' [-Wbuiltin-declaration-mismatch]
 char strrchr ();
      ^~~~~~~
configure:3789: $? = 0
configure:3789: result: yes
configure:3789: checking for strstr
configure:3789: gcc -o conftest -g -O2   conftest.c  >&5
conftest.c:62:6: warning: conflicting types for built-in function 'strstr' [-Wbuiltin-declaration-mismatch]
 char strstr ();
      ^~~~~~
configure:3789: $? = 0
configure:3789: result: yes
configure:4014: creating ./config.status

## ---------------------- ##
## Running config.status. ##
## ---------------------- ##

This file was extended by mos_release config.status version-0.3, which was
generated by GNU Autoconf 2.69.  Invocation command line was

  CONFIG_FILES    = 
  CONFIG_HEADERS  = 
  CONFIG_LINKS    = 
  CONFIG_COMMANDS = 
  $ ./config.status 

on kiwi1

config.status:731: creating ../core/src/Makefile
configure:5171: creating ./config.status

## ---------------------- ##
## Running config.status. ##
## ---------------------- ##

This file was extended by mos_release config.status version-0.3, which was
generated by GNU Autoconf 2.69.  Invocation command line was

  CONFIG_FILES    = 
  CONFIG_HEADERS  = 
  CONFIG_LINKS    = 
  CONFIG_COMMANDS = 
  $ ./config.status 

on kiwi1

config.status:732: creating ../core/src/Makefile
config.status:718: error: cannot find input file: `../samples/epserver/Makefile.in'

## ---------------- ##
## Cache variables. ##
## ---------------- ##

ac_cv_c_compiler_gnu=yes
ac_cv_c_inline=inline
ac_cv_c_uint16_t=yes
ac_cv_c_uint32_t=yes
ac_cv_c_uint8_t=yes
ac_cv_env_CC_set=
ac_cv_env_CC_value=
ac_cv_env_CFLAGS_set=
ac_cv_env_CFLAGS_value=
ac_cv_env_CPPFLAGS_set=
ac_cv_env_CPPFLAGS_value=
ac_cv_env_CPP_set=
ac_cv_env_CPP_value=
ac_cv_env_LDFLAGS_set=
ac_cv_env_LDFLAGS_value=
ac_cv_env_LIBS_set=
ac_cv_env_LIBS_value=
ac_cv_env_build_alias_set=
ac_cv_env_build_alias_value=
ac_cv_env_host_alias_set=
ac_cv_env_host_alias_value=
ac_cv_env_target_alias_set=
ac_cv_env_target_alias_value=
ac_cv_func_ftruncate=yes
ac_cv_func_gettimeofday=yes
ac_cv_func_lstat_dereferences_slashed_symlink=yes
ac_cv_func_malloc_0_nonnull=yes
ac_cv_func_memset=yes
ac_cv_func_strcasecmp=yes
ac_cv_func_strchr=yes
ac_cv_func_strpbrk=yes
ac_cv_func_strrchr=yes
ac_cv_func_strstr=yes
ac_cv_header_fcntl_h=yes
ac_cv_header_inttypes_h=yes
ac_cv_header_limits_h=yes
ac_cv_header_linux_sched_h=yes
ac_cv_header_memory_h=yes
ac_cv_header_numa_h=yes
ac_cv_header_pthread_h=yes
ac_cv_header_stdc=yes
ac_cv_header_stddef_h=yes
ac_cv_header_stdint_h=yes
ac_cv_header_stdlib_h=yes
ac_cv_header_string_h=yes
ac_cv_header_strings_h=yes
ac_cv_header_sys_param_h=yes
ac_cv_header_sys_stat_h=yes
ac_cv_header_sys_time_h=yes
ac_cv_header_sys_types_h=yes
ac_cv_header_unistd_h=yes
ac_cv_objext=o
ac_cv_path_EGREP='/bin/grep -E'
ac_cv_path_GREP=/bin/grep
ac_cv_prog_CPP='gcc -E'
ac_cv_prog_ac_ct_CC=gcc
ac_cv_prog_ac_ct_RANLIB=ranlib
ac_cv_prog_cc_c89=
ac_cv_prog_cc_g=yes
ac_cv_type_off_t=yes
ac_cv_type_size_t=yes
ac_cv_type_ssize_t=yes

## ----------------- ##
## Output variables. ##
## ----------------- ##

CC='gcc'
CFLAGS='-g -O2'
CPP='gcc -E'
CPPFLAGS=''
DEFS='-DPACKAGE_NAME=\"mos_release\" -DPACKAGE_TARNAME=\"mos_release\" -DPACKAGE_VERSION=\"version-0.3\" -DPACKAGE_STRING=\"mos_release\ version-0.3\" -DPACKAGE_BUGREPORT=\"ajamshed@ndsl.kaist.edu\" -DPACKAGE_URL=\"\" -DSTDC_HEADERS=1 -DHAVE_SYS_TYPES_H=1 -DHAVE_SYS_STAT_H=1 -DHAVE_STDLIB_H=1 -DHAVE_STRING_H=1 -DHAVE_MEMORY_H=1 -DHAVE_STRINGS_H=1 -DHAVE_INTTYPES_H=1 -DHAVE_STDINT_H=1 -DHAVE_UNISTD_H=1 -DHAVE_FCNTL_H=1 -DHAVE_INTTYPES_H=1 -DHAVE_LIMITS_H=1 -DHAVE_STDDEF_H=1 -DHAVE_STDLIB_H=1 -DHAVE_STRING_H=1 -DHAVE_STRINGS_H=1 -DHAVE_SYS_PARAM_H=1 -DHAVE_SYS_TIME_H=1 -DHAVE_UNISTD_H=1 -DLSTAT_FOLLOWS_SLASHED_SYMLINK=1 -DHAVE_STDLIB_H=1 -DHAVE_MALLOC=1 -DHAVE_FTRUNCATE=1 -DHAVE_GETTIMEOFDAY=1 -DHAVE_MEMSET=1 -DHAVE_STRCASECMP=1 -DHAVE_STRCHR=1 -DHAVE_STRPBRK=1 -DHAVE_STRRCHR=1 -DHAVE_STRSTR=1'
DPDK='1'
ECHO_C=''
ECHO_N='-n'
ECHO_T=''
EGREP='/bin/grep -E'
EXEEXT=''
GREP='/bin/grep'
LDFLAGS=''
LIBOBJS=''
LIBS=''
LTLIBOBJS=''
NETMAP='0'
OBJEXT='o'
PACKAGE_BUGREPORT='ajamshed@ndsl.kaist.edu'
PACKAGE_NAME='mos_release'
PACKAGE_STRING='mos_release version-0.3'
PACKAGE_TARNAME='mos_release'
PACKAGE_URL=''
PACKAGE_VERSION='version-0.3'
PATH_SEPARATOR=':'
PCAP='0'
PSIO='0'
RANLIB='ranlib'
SHELL='/bin/bash'
ac_ct_CC='gcc'
bindir='${exec_prefix}/bin'
build_alias=''
datadir='${datarootdir}'
datarootdir='${prefix}/share'
docdir='${datarootdir}/doc/${PACKAGE_TARNAME}'
dvidir='${docdir}'
exec_prefix='${prefix}'
host_alias=''
htmldir='${docdir}'
includedir='${prefix}/include'
infodir='${datarootdir}/info'
libdir='${exec_prefix}/lib'
libexecdir='${exec_prefix}/libexec'
localedir='${datarootdir}/locale'
localstatedir='${prefix}/var'
mandir='${datarootdir}/man'
oldincludedir='/usr/include'
pdfdir='${docdir}'
prefix='/usr/local'
program_transform_name='s,x,x,'
psdir='${docdir}'
sbindir='${exec_prefix}/sbin'
sharedstatedir='${prefix}/com'
sysconfdir='${prefix}/etc'
target_alias=''

## ----------- ##
## confdefs.h. ##
## ----------- ##

/* confdefs.h */
#define PACKAGE_NAME "mos_release"
#define PACKAGE_TARNAME "mos_release"
#define PACKAGE_VERSION "version-0.3"
#define PACKAGE_STRING "mos_release version-0.3"
#define PACKAGE_BUGREPORT "ajamshed@ndsl.kaist.edu"
#define PACKAGE_URL ""
#define STDC_HEADERS 1
#define HAVE_SYS_TYPES_H 1
#define HAVE_SYS_STAT_H 1
#define HAVE_STDLIB_H 1
#define HAVE_STRING_H 1
#define HAVE_MEMORY_H 1
#define HAVE_STRINGS_H 1
#define HAVE_INTTYPES_H 1
#define HAVE_STDINT_H 1
#define HAVE_UNISTD_H 1
#define HAVE_FCNTL_H 1
#define HAVE_INTTYPES_H 1
#define HAVE_LIMITS_H 1
#define HAVE_STDDEF_H 1
#define HAVE_STDLIB_H 1
#define HAVE_STRING_H 1
#define HAVE_STRINGS_H 1
#define HAVE_SYS_PARAM_H 1
#define HAVE_SYS_TIME_H 1
#define HAVE_UNISTD_H 1
#define LSTAT_FOLLOWS_SLASHED_SYMLINK 1
#define HAVE_STDLIB_H 1
#define HAVE_MALLOC 1
#define HAVE_FTRUNCATE 1
#define HAVE_GETTIMEOFDAY 1
#define HAVE_MEMSET 1
#define HAVE_STRCASECMP 1
#define HAVE_STRCHR 1
#define HAVE_STRPBRK 1
#define HAVE_STRRCHR 1
#define HAVE_STRSTR 1

configure: exit 1
